[0407/232524:ERROR:process_info.cc(608)] range at 0xfeb1e000, size 0x230 fully unreadable
[0407/232524:ERROR:process_info.cc(608)] range at 0xfeb1d000, size 0xf84 fully unreadable
[0407/232524:ERROR:process_info.cc(608)] range at 0xfeb1a000, size 0xf84 fully unreadable
[0407/232524:ERROR:process_info.cc(608)] range at 0xfeb17000, size 0xf84 fully unreadable
[0407/232524:ERROR:process_info.cc(608)] range at 0xfe9cf000, size 0xf84 fully unreadable
[0407/232524:ERROR:process_info.cc(608)] range at 0xfeadf000, size 0xf84 fully unreadable
[0407/232524:ERROR:process_info.cc(608)] range at 0xfeadc000, size 0xf84 fully unreadable
[0407/232524:ERROR:process_info.cc(608)] range at 0xfead9000, size 0xf84 fully unreadable
[0407/232524:ERROR:process_info.cc(608)] range at 0xfead6000, size 0xf84 fully unreadable
[0407/232524:ERROR:process_info.cc(608)] range at 0xfe9cc000, size 0xf84 fully unreadable
[0407/232524:ERROR:process_info.cc(608)] range at 0xfe9c9000, size 0xf84 fully unreadable
[0407/232524:ERROR:process_info.cc(608)] range at 0xfe9c6000, size 0xf84 fully unreadable
[0407/232524:ERROR:process_info.cc(608)] range at 0xfe9c3000, size 0xf84 fully unreadable
[0407/232524:ERROR:process_info.cc(608)] range at 0xfe9a5000, size 0xf84 fully unreadable
[0407/232524:ERROR:process_info.cc(608)] range at 0xfe9a2000, size 0xf84 fully unreadable
[0407/232524:ERROR:process_info.cc(608)] range at 0xfe99f000, size 0xf84 fully unreadable
[0407/232524:ERROR:process_info.cc(608)] range at 0xfe99c000, size 0xf84 fully unreadable
[0407/232524:ERROR:process_info.cc(608)] range at 0xfe993000, size 0xf84 fully unreadable
[0407/232524:ERROR:process_info.cc(608)] range at 0xfe990000, size 0xf84 fully unreadable
[0407/232524:ERROR:process_info.cc(608)] range at 0xfe98d000, size 0xf84 fully unreadable
[0407/232524:ERROR:process_info.cc(608)] range at 0xfe98a000, size 0xf84 fully unreadable
[0407/232524:ERROR:process_info.cc(608)] range at 0xfe97b000, size 0xf84 fully unreadable
[0407/232524:ERROR:process_info.cc(608)] range at 0xfe978000, size 0xf84 fully unreadable
[0407/232524:ERROR:process_info.cc(608)] range at 0xfe975000, size 0xf84 fully unreadable
[0407/232524:ERROR:process_info.cc(608)] range at 0xfe96c000, size 0xf84 fully unreadable
[0407/232524:ERROR:process_info.cc(608)] range at 0xfe969000, size 0xf84 fully unreadable
[0407/232524:ERROR:process_info.cc(608)] range at 0xfe966000, size 0xf84 fully unreadable
[0407/232524:ERROR:process_info.cc(608)] range at 0xfe963000, size 0xf84 fully unreadable
[0407/232524:ERROR:process_info.cc(608)] range at 0xfe960000, size 0xf84 fully unreadable
[0407/232525:ERROR:process_reader_win.cc(232)] ReadMemory at 0x76ba1204 of 28 bytes failed: 仅完成部分的 ReadProcessMemory 或 WriteProcessMemory 请求。 (0x12B)
[0407/232525:WARNING:pe_image_reader.cc(134)] could not read data directory from C:\Windows\SYSTEM32\SETUPAPI.dll
[0407/232525:ERROR:process_reader_win.cc(232)] ReadMemory at 0x70b00000 of 64 bytes failed: 仅完成部分的 ReadProcessMemory 或 WriteProcessMemory 请求。 (0x12B)
[0407/232525:WARNING:pe_image_reader.cc(280)] could not read dos header from C:\Program Files (x86)\NVIDIA Corporation\CoProcManager\nvd3d9wrap.dll
[0407/232525:ERROR:process_reader_win.cc(232)] ReadMemory at 0x70ae0000 of 64 bytes failed: 仅完成部分的 ReadProcessMemory 或 WriteProcessMemory 请求。 (0x12B)
[0407/232525:WARNING:pe_image_reader.cc(280)] could not read dos header from C:\Program Files (x86)\NVIDIA Corporation\CoProcManager\nvdxgiwrap.dll
[0407/232525:ERROR:process_reader_win.cc(232)] ReadMemory at 0x74970000 of 64 bytes failed: 仅完成部分的 ReadProcessMemory 或 WriteProcessMemory 请求。 (0x12B)
[0407/232525:WARNING:pe_image_reader.cc(280)] could not read dos header from C:\Windows\SYSTEM32\WINMM.dll
[0407/232525:ERROR:process_reader_win.cc(232)] ReadMemory at 0x74eb0000 of 64 bytes failed: 仅完成部分的 ReadProcessMemory 或 WriteProcessMemory 请求。 (0x12B)
[0407/232525:WARNING:pe_image_reader.cc(280)] could not read dos header from C:\Windows\SYSTEM32\profapi.dll
[0407/232525:ERROR:process_reader_win.cc(232)] ReadMemory at 0x74ec0000 of 64 bytes failed: 仅完成部分的 ReadProcessMemory 或 WriteProcessMemory 请求。 (0x12B)
[0407/232525:WARNING:pe_image_reader.cc(280)] could not read dos header from C:\Windows\SYSTEM32\USERENV.dll
[0407/232525:ERROR:process_reader_win.cc(232)] ReadMemory at 0x74ee0000 of 64 bytes failed: 仅完成部分的 ReadProcessMemory 或 WriteProcessMemory 请求。 (0x12B)
[0407/232525:WARNING:pe_image_reader.cc(280)] could not read dos header from C:\Windows\SYSTEM32\WTSAPI32.dll
[0407/232525:ERROR:process_reader_win.cc(232)] ReadMemory at 0x77200000 of 64 bytes failed: 仅完成部分的 ReadProcessMemory 或 WriteProcessMemory 请求。 (0x12B)
[0407/232525:WARNING:pe_image_reader.cc(280)] could not read dos header from C:\Windows\SYSTEM32\SHLWAPI.dll
[0407/232525:ERROR:process_reader_win.cc(232)] ReadMemory at 0x75810000 of 64 bytes failed: 仅完成部分的 ReadProcessMemory 或 WriteProcessMemory 请求。 (0x12B)
[0407/232525:WARNING:pe_image_reader.cc(280)] could not read dos header from C:\Windows\SYSTEM32\SHELL32.dll
[0407/232525:ERROR:process_reader_win.cc(232)] ReadMemory at 0x77380000 of 64 bytes failed: 仅完成部分的 ReadProcessMemory 或 WriteProcessMemory 请求。 (0x12B)
[0407/232525:WARNING:pe_image_reader.cc(280)] could not read dos header from C:\Windows\SYSTEM32\ole32.dll
[0407/232525:ERROR:process_reader_win.cc(232)] ReadMemory at 0x76df0000 of 64 bytes failed: 仅完成部分的 ReadProcessMemory 或 WriteProcessMemory 请求。 (0x12B)
[0407/232525:WARNING:pe_image_reader.cc(280)] could not read dos header from C:\Windows\SYSTEM32\OLEAUT32.dll
[0407/232525:ERROR:process_reader_win.cc(232)] ReadMemory at 0x74f90000 of 64 bytes failed: 仅完成部分的 ReadProcessMemory 或 WriteProcessMemory 请求。 (0x12B)
[0407/232525:WARNING:pe_image_reader.cc(280)] could not read dos header from C:\Windows\SYSTEM32\PSAPI.DLL
[0407/232525:ERROR:process_reader_win.cc(232)] ReadMemory at 0x76ad0000 of 64 bytes failed: 仅完成部分的 ReadProcessMemory 或 WriteProcessMemory 请求。 (0x12B)
[0407/232525:WARNING:pe_image_reader.cc(280)] could not read dos header from C:\Windows\SYSTEM32\NSI.dll
[0407/232525:ERROR:process_reader_win.cc(232)] ReadMemory at 0x77640000 of 64 bytes failed: 仅完成部分的 ReadProcessMemory 或 WriteProcessMemory 请求。 (0x12B)
[0407/232525:WARNING:pe_image_reader.cc(280)] could not read dos header from C:\Windows\SYSTEM32\WS2_32.dll
[0407/232525:ERROR:process_reader_win.cc(232)] ReadMemory at 0x74d90000 of 64 bytes failed: 仅完成部分的 ReadProcessMemory 或 WriteProcessMemory 请求。 (0x12B)
[0407/232525:WARNING:pe_image_reader.cc(280)] could not read dos header from C:\Windows\SYSTEM32\netutils.dll
[0407/232525:ERROR:process_reader_win.cc(232)] ReadMemory at 0x74d70000 of 64 bytes failed: 仅完成部分的 ReadProcessMemory 或 WriteProcessMemory 请求。 (0x12B)
[0407/232525:WARNING:pe_image_reader.cc(280)] could not read dos header from C:\Windows\SYSTEM32\srvcli.dll
[0407/232525:ERROR:process_reader_win.cc(232)] ReadMemory at 0x74d50000 of 64 bytes failed: 仅完成部分的 ReadProcessMemory 或 WriteProcessMemory 请求。 (0x12B)
[0407/232525:WARNING:pe_image_reader.cc(280)] could not read dos header from C:\Windows\SYSTEM32\wkscli.dll
[0407/232525:ERROR:process_reader_win.cc(232)] ReadMemory at 0x74da0000 of 64 bytes failed: 仅完成部分的 ReadProcessMemory 或 WriteProcessMemory 请求。 (0x12B)
[0407/232525:WARNING:pe_image_reader.cc(280)] could not read dos header from C:\Windows\SYSTEM32\NETAPI32.dll
[0407/232525:ERROR:process_reader_win.cc(232)] ReadMemory at 0x6f7f0000 of 64 bytes failed: 仅完成部分的 ReadProcessMemory 或 WriteProcessMemory 请求。 (0x12B)
[0407/232525:WARNING:pe_image_reader.cc(280)] could not read dos header from E:\Program Files (x86)\360\360safe\safemon\safemon.dll
[0407/232525:ERROR:process_reader_win.cc(232)] ReadMemory at 0x74cc0000 of 64 bytes failed: 仅完成部分的 ReadProcessMemory 或 WriteProcessMemory 请求。 (0x12B)
[0407/232525:WARNING:pe_image_reader.cc(280)] could not read dos header from C:\Windows\SYSTEM32\shcore.dll
[0407/232525:ERROR:process_reader_win.cc(232)] ReadMemory at 0x70470000 of 64 bytes failed: 仅完成部分的 ReadProcessMemory 或 WriteProcessMemory 请求。 (0x12B)
[0407/232525:WARNING:pe_image_reader.cc(280)] could not read dos header from C:\Windows\SYSTEM32\WINSPOOL.DRV
[0407/232525:ERROR:process_reader_win.cc(232)] ReadMemory at 0x70220000 of 64 bytes failed: 仅完成部分的 ReadProcessMemory 或 WriteProcessMemory 请求。 (0x12B)
[0407/232525:WARNING:pe_image_reader.cc(280)] could not read dos header from C:\Windows\WinSxS\x86_microsoft.windows.common-controls_6595b64144ccf1df_6.0.9600.17810_none_a9edf09f013934e0\COMCTL32.dll
[0407/232525:ERROR:process_reader_win.cc(232)] ReadMemory at 0x750b0000 of 64 bytes failed: 仅完成部分的 ReadProcessMemory 或 WriteProcessMemory 请求。 (0x12B)
[0407/232525:WARNING:pe_image_reader.cc(280)] could not read dos header from C:\Windows\SYSTEM32\COMDLG32.dll
[0407/232525:ERROR:process_reader_win.cc(232)] ReadMemory at 0x74c00000 of 64 bytes failed: 仅完成部分的 ReadProcessMemory 或 WriteProcessMemory 请求。 (0x12B)
[0407/232525:WARNING:pe_image_reader.cc(280)] could not read dos header from C:\Windows\SYSTEM32\WINNSI.DLL
[0407/232525:ERROR:process_reader_win.cc(232)] ReadMemory at 0x74c10000 of 64 bytes failed: 仅完成部分的 ReadProcessMemory 或 WriteProcessMemory 请求。 (0x12B)
[0407/232525:WARNING:pe_image_reader.cc(280)] could not read dos header from C:\Windows\SYSTEM32\IPHLPAPI.DLL
[0407/232525:ERROR:process_reader_win.cc(232)] ReadMemory at 0x70820000 of 64 bytes failed: 仅完成部分的 ReadProcessMemory 或 WriteProcessMemory 请求。 (0x12B)
[0407/232525:WARNING:pe_image_reader.cc(280)] could not read dos header from C:\Windows\SYSTEM32\USP10.dll
[0407/232525:ERROR:process_reader_win.cc(232)] ReadMemory at 0x756d0000 of 64 bytes failed: 仅完成部分的 ReadProcessMemory 或 WriteProcessMemory 请求。 (0x12B)
[0407/232525:WARNING:pe_image_reader.cc(280)] could not read dos header from C:\Windows\SYSTEM32\MSASN1.dll
[0407/232525:ERROR:process_reader_win.cc(232)] ReadMemory at 0x774b0000 of 64 bytes failed: 仅完成部分的 ReadProcessMemory 或 WriteProcessMemory 请求。 (0x12B)
[0407/232525:WARNING:pe_image_reader.cc(280)] could not read dos header from C:\Windows\SYSTEM32\CRYPT32.dll
[0407/232525:ERROR:process_reader_win.cc(232)] ReadMemory at 0x757d0000 of 64 bytes failed: 仅完成部分的 ReadProcessMemory 或 WriteProcessMemory 请求。 (0x12B)
[0407/232525:WARNING:pe_image_reader.cc(280)] could not read dos header from C:\Windows\SYSTEM32\WINTRUST.dll
[0407/232525:ERROR:process_reader_win.cc(232)] ReadMemory at 0x74900000 of 64 bytes failed: 仅完成部分的 ReadProcessMemory 或 WriteProcessMemory 请求。 (0x12B)
[0407/232525:WARNING:pe_image_reader.cc(280)] could not read dos header from C:\Windows\SYSTEM32\Secur32.dll
[0407/232525:ERROR:process_reader_win.cc(232)] ReadMemory at 0x51310000 of 64 bytes failed: 仅完成部分的 ReadProcessMemory 或 WriteProcessMemory 请求。 (0x12B)
[0407/232525:WARNING:pe_image_reader.cc(280)] could not read dos header from C:\Program Files (x86)\Google\Chrome\Application\49.0.2623.110\chrome_child.dll
[0407/232525:ERROR:process_reader_win.cc(232)] ReadMemory at 0x5dfe0000 of 64 bytes failed: 仅完成部分的 ReadProcessMemory 或 WriteProcessMemory 请求。 (0x12B)
[0407/232525:WARNING:pe_image_reader.cc(280)] could not read dos header from E:\Program Files\AVAST Software\Avast\aswJsFlt.dll
[0407/232525:ERROR:process_reader_win.cc(232)] ReadMemory at 0x742a0000 of 64 bytes failed: 仅完成部分的 ReadProcessMemory 或 WriteProcessMemory 请求。 (0x12B)
[0407/232525:WARNING:pe_image_reader.cc(280)] could not read dos header from C:\Windows\WinSxS\x86_avast.vc110.crt_2036b14a11e83e4a_11.0.60610.1_none_1d37a43bbfe1dc9c\MSVCR110.dll
[0407/232525:ERROR:process_reader_win.cc(232)] ReadMemory at 0x74240000 of 64 bytes failed: 仅完成部分的 ReadProcessMemory 或 WriteProcessMemory 请求。 (0x12B)
[0407/232525:WARNING:pe_image_reader.cc(280)] could not read dos header from E:\PROGRA~1\AVASTS~1\Avast\aswCmnIS.dll
[0407/232525:ERROR:process_reader_win.cc(232)] ReadMemory at 0x74380000 of 64 bytes failed: 仅完成部分的 ReadProcessMemory 或 WriteProcessMemory 请求。 (0x12B)
[0407/232525:WARNING:pe_image_reader.cc(280)] could not read dos header from C:\Windows\WinSxS\x86_avast.vc110.crt_2036b14a11e83e4a_11.0.60610.1_none_1d37a43bbfe1dc9c\MSVCP110.dll
[0407/232525:ERROR:process_reader_win.cc(232)] ReadMemory at 0x74210000 of 64 bytes failed: 仅完成部分的 ReadProcessMemory 或 WriteProcessMemory 请求。 (0x12B)
[0407/232525:WARNING:pe_image_reader.cc(280)] could not read dos header from E:\PROGRA~1\AVASTS~1\Avast\aswCmnOS.dll
[0407/232525:ERROR:process_reader_win.cc(232)] ReadMemory at 0x745a0000 of 64 bytes failed: 仅完成部分的 ReadProcessMemory 或 WriteProcessMemory 请求。 (0x12B)
[0407/232525:WARNING:pe_image_reader.cc(280)] could not read dos header from E:\PROGRA~1\AVASTS~1\Avast\aswCmnBS.dll
[0407/232525:ERROR:process_reader_win.cc(232)] ReadMemory at 0x74620000 of 64 bytes failed: 仅完成部分的 ReadProcessMemory 或 WriteProcessMemory 请求。 (0x12B)
[0407/232525:WARNING:pe_image_reader.cc(280)] could not read dos header from E:\PROGRA~1\AVASTS~1\Avast\log.dll
[0407/232525:ERROR:process_reader_win.cc(232)] ReadMemory at 0x747d0000 of 64 bytes failed: 仅完成部分的 ReadProcessMemory 或 WriteProcessMemory 请求。 (0x12B)
[0407/232525:WARNING:pe_image_reader.cc(280)] could not read dos header from C:\Windows\SYSTEM32\DNSAPI.dll
[0407/232525:ERROR:process_reader_win.cc(232)] ReadMemory at 0x74160000 of 64 bytes failed: 仅完成部分的 ReadProcessMemory 或 WriteProcessMemory 请求。 (0x12B)
[0407/232525:WARNING:pe_image_reader.cc(280)] could not read dos header from E:\PROGRA~1\AVASTS~1\Avast\commchannel.dll
[0407/232525:ERROR:process_reader_win.cc(232)] ReadMemory at 0x73480000 of 64 bytes failed: 仅完成部分的 ReadProcessMemory 或 WriteProcessMemory 请求。 (0x12B)
[0407/232525:WARNING:pe_image_reader.cc(280)] could not read dos header from E:\PROGRA~1\AVASTS~1\Avast\JsonRpcServer.dll
[0407/232525:ERROR:process_reader_win.cc(232)] ReadMemory at 0x73b60000 of 64 bytes failed: 仅完成部分的 ReadProcessMemory 或 WriteProcessMemory 请求。 (0x12B)
[0407/232525:WARNING:pe_image_reader.cc(280)] could not read dos header from C:\Windows\SYSTEM32\rasman.dll
[0407/232525:ERROR:process_reader_win.cc(232)] ReadMemory at 0x73dd0000 of 64 bytes failed: 仅完成部分的 ReadProcessMemory 或 WriteProcessMemory 请求。 (0x12B)
[0407/232525:WARNING:pe_image_reader.cc(280)] could not read dos header from C:\Windows\SYSTEM32\RASAPI32.dll
[0407/232525:ERROR:process_reader_win.cc(232)] ReadMemory at 0x74140000 of 64 bytes failed: 仅完成部分的 ReadProcessMemory 或 WriteProcessMemory 请求。 (0x12B)
[0407/232525:WARNING:pe_image_reader.cc(280)] could not read dos header from E:\PROGRA~1\AVASTS~1\Avast\avastIP.dll
[0407/232525:ERROR:process_reader_win.cc(232)] ReadMemory at 0x74120000 of 64 bytes failed: 仅完成部分的 ReadProcessMemory 或 WriteProcessMemory 请求。 (0x12B)
[0407/232525:WARNING:pe_image_reader.cc(280)] could not read dos header from E:\PROGRA~1\AVASTS~1\Avast\aswEngLdr.dll
[0407/232525:ERROR:process_reader_win.cc(232)] ReadMemory at 0x72eb0000 of 64 bytes failed: 仅完成部分的 ReadProcessMemory 或 WriteProcessMemory 请求。 (0x12B)
[0407/232525:WARNING:pe_image_reader.cc(280)] could not read dos header from E:\PROGRA~1\AVASTS~1\Avast\AavmRpch.dll
[0407/232525:ERROR:process_reader_win.cc(232)] ReadMemory at 0x74200000 of 64 bytes failed: 仅完成部分的 ReadProcessMemory 或 WriteProcessMemory 请求。 (0x12B)
[0407/232525:WARNING:pe_image_reader.cc(280)] could not read dos header from C:\Windows\SYSTEM32\WSOCK32.dll
[0407/232525:ERROR:process_reader_win.cc(232)] ReadMemory at 0x73b90000 of 64 bytes failed: 仅完成部分的 ReadProcessMemory 或 WriteProcessMemory 请求。 (0x12B)
[0407/232525:WARNING:pe_image_reader.cc(280)] could not read dos header from C:\Windows\SYSTEM32\iertutil.dll
[0407/232525:ERROR:process_reader_win.cc(232)] ReadMemory at 0x73f10000 of 64 bytes failed: 仅完成部分的 ReadProcessMemory 或 WriteProcessMemory 请求。 (0x12B)
[0407/232525:WARNING:pe_image_reader.cc(280)] could not read dos header from C:\Windows\SYSTEM32\WININET.dll
[0407/232525:ERROR:process_reader_win.cc(232)] ReadMemory at 0x74410000 of 64 bytes failed: 仅完成部分的 ReadProcessMemory 或 WriteProcessMemory 请求。 (0x12B)
[0407/232525:WARNING:pe_image_reader.cc(280)] could not read dos header from E:\PROGRA~1\AVASTS~1\Avast\ashBase.dll
[0407/232525:ERROR:process_reader_win.cc(232)] ReadMemory at 0x72f00000 of 64 bytes failed: 仅完成部分的 ReadProcessMemory 或 WriteProcessMemory 请求。 (0x12B)
[0407/232525:WARNING:pe_image_reader.cc(280)] could not read dos header from E:\PROGRA~1\AVASTS~1\Avast\aswAux.dll
[0407/232525:ERROR:process_reader_win.cc(232)] ReadMemory at 0x73070000 of 64 bytes failed: 仅完成部分的 ReadProcessMemory 或 WriteProcessMemory 请求。 (0x12B)
[0407/232525:WARNING:pe_image_reader.cc(280)] could not read dos header from E:\PROGRA~1\AVASTS~1\Avast\ashTask.dll
[0407/232525:ERROR:process_reader_win.cc(232)] ReadMemory at 0x73190000 of 64 bytes failed: 仅完成部分的 ReadProcessMemory 或 WriteProcessMemory 请求。 (0x12B)
[0407/232525:WARNING:pe_image_reader.cc(280)] could not read dos header from E:\PROGRA~1\AVASTS~1\Avast\Aavm4h.dll
[0407/232525:ERROR:process_reader_win.cc(232)] ReadMemory at 0x72a30000 of 64 bytes failed: 仅完成部分的 ReadProcessMemory 或 WriteProcessMemory 请求。 (0x12B)
[0407/232525:WARNING:pe_image_reader.cc(280)] could not read dos header from C:\Windows\WinSxS\x86_microsoft.windows.gdiplus_6595b64144ccf1df_1.1.9600.18123_none_dad9a2585bcb0fd8\gdiplus.dll
[0407/232525:ERROR:process_reader_win.cc(232)] ReadMemory at 0x5d350000 of 64 bytes failed: 仅完成部分的 ReadProcessMemory 或 WriteProcessMemory 请求。 (0x12B)
[0407/232525:WARNING:pe_image_reader.cc(280)] could not read dos header from C:\Windows\SYSTEM32\dxva2.dll
[0407/232525:ERROR:process_reader_win.cc(232)] ReadMemory at 0x110c154 of 12 bytes failed: 仅完成部分的 ReadProcessMemory 或 WriteProcessMemory 请求。 (0x12B)
[0407/232525:WARNING:process_snapshot_win.cc(89)] ReadMemory ExceptionInformation failed
[0407/232525:WARNING:crash_report_exception_handler.cc(60)] ProcessSnapshotWin::InitializeException failed
[0407/232525:ERROR:scoped_process_suspend.cc(38)] NtResumeProcess, ntstatus=-1073741558
